0 info it worked if it ends with ok
1 verbose cli [ '/usr/local/bin/node',
1 verbose cli   '/usr/local/bin/npm',
1 verbose cli   'publish',
1 verbose cli   'minor' ]
2 info using npm@3.10.10
3 info using node@v7.2.1
4 verbose publish [ 'minor' ]
5 silly cache add args [ 'minor', null ]
6 verbose cache add spec minor
7 silly cache add parsed spec Result {
7 silly cache add   raw: 'minor',
7 silly cache add   scope: null,
7 silly cache add   escapedName: 'minor',
7 silly cache add   name: 'minor',
7 silly cache add   rawSpec: '',
7 silly cache add   spec: 'latest',
7 silly cache add   type: 'tag' }
8 silly addNamed minor@latest
9 verbose addNamed "latest" is being treated as a dist-tag for minor
10 info addNameTag [ 'minor', 'latest' ]
11 silly mapToRegistry name minor
12 silly mapToRegistry using default registry
13 silly mapToRegistry registry https://registry.npmjs.org/
14 silly mapToRegistry data Result {
14 silly mapToRegistry   raw: 'minor',
14 silly mapToRegistry   scope: null,
14 silly mapToRegistry   escapedName: 'minor',
14 silly mapToRegistry   name: 'minor',
14 silly mapToRegistry   rawSpec: '',
14 silly mapToRegistry   spec: 'latest',
14 silly mapToRegistry   type: 'tag' }
15 silly mapToRegistry uri https://registry.npmjs.org/minor
16 verbose addNameTag registry:https://registry.npmjs.org/minor not in flight; fetching
17 verbose request uri https://registry.npmjs.org/minor
18 verbose request no auth needed
19 info attempt registry request try #1 at 12:37:30 PM
20 verbose request using bearer token for auth
21 verbose request id d773610dd3ae4bb1
22 http request GET https://registry.npmjs.org/minor
23 http 200 https://registry.npmjs.org/minor
24 verbose headers { server: 'nginx/1.10.1',
24 verbose headers   'content-type': 'application/json',
24 verbose headers   'last-modified': 'Tue, 09 Dec 2014 12:21:25 GMT',
24 verbose headers   etag: 'W/"5486e945-2258"',
24 verbose headers   'content-encoding': 'gzip',
24 verbose headers   'cache-control': 'max-age=300',
24 verbose headers   'transfer-encoding': 'chunked',
24 verbose headers   'accept-ranges': 'bytes',
24 verbose headers   date: 'Tue, 20 Jun 2017 09:37:31 GMT',
24 verbose headers   via: '1.1 varnish',
24 verbose headers   connection: 'keep-alive',
24 verbose headers   'x-served-by': 'cache-fra1221-FRA',
24 verbose headers   'x-cache': 'MISS',
24 verbose headers   'x-cache-hits': '0',
24 verbose headers   'x-timer': 'S1497951451.069836,VS0,VE41',
24 verbose headers   vary: 'Accept-Encoding' }
25 silly get cb [ 200,
25 silly get   { server: 'nginx/1.10.1',
25 silly get     'content-type': 'application/json',
25 silly get     'last-modified': 'Tue, 09 Dec 2014 12:21:25 GMT',
25 silly get     etag: 'W/"5486e945-2258"',
25 silly get     'content-encoding': 'gzip',
25 silly get     'cache-control': 'max-age=300',
25 silly get     'transfer-encoding': 'chunked',
25 silly get     'accept-ranges': 'bytes',
25 silly get     date: 'Tue, 20 Jun 2017 09:37:31 GMT',
25 silly get     via: '1.1 varnish',
25 silly get     connection: 'keep-alive',
25 silly get     'x-served-by': 'cache-fra1221-FRA',
25 silly get     'x-cache': 'MISS',
25 silly get     'x-cache-hits': '0',
25 silly get     'x-timer': 'S1497951451.069836,VS0,VE41',
25 silly get     vary: 'Accept-Encoding' } ]
26 verbose get saving minor to /Users/njnesterov/.npm/registry.npmjs.org/minor/.cache.json
27 verbose correctMkdir /Users/njnesterov/.npm correctMkdir not in flight; initializing
28 silly addNameTag next cb for minor with tag latest
29 silly addNamed minor@1.2.3
30 verbose addNamed "1.2.3" is a plain semver version for minor
31 silly mapToRegistry name minor
32 silly mapToRegistry using default registry
33 silly mapToRegistry registry https://registry.npmjs.org/
34 silly mapToRegistry data Result {
34 silly mapToRegistry   raw: 'minor',
34 silly mapToRegistry   scope: null,
34 silly mapToRegistry   escapedName: 'minor',
34 silly mapToRegistry   name: 'minor',
34 silly mapToRegistry   rawSpec: '',
34 silly mapToRegistry   spec: 'latest',
34 silly mapToRegistry   type: 'tag' }
35 silly mapToRegistry uri https://registry.npmjs.org/minor
36 verbose addRemoteTarball https://registry.npmjs.org/minor/-/minor-1.2.3.tgz not in flight; adding
37 verbose addRemoteTarball [ 'https://registry.npmjs.org/minor/-/minor-1.2.3.tgz',
37 verbose addRemoteTarball   '4822901993d8baac56bbbe32c5333217b6f9e4ef' ]
38 info retry fetch attempt 1 at 12:37:31 PM
39 info attempt registry request try #1 at 12:37:31 PM
40 http fetch GET https://registry.npmjs.org/minor/-/minor-1.2.3.tgz
41 verbose request using bearer token for auth
42 http fetch 200 https://registry.npmjs.org/minor/-/minor-1.2.3.tgz
43 silly fetchAndShaCheck shasum 4822901993d8baac56bbbe32c5333217b6f9e4ef
44 verbose addTmpTarball /var/folders/g7/hb2bwsk92fv8mz__309_t3ym0000gn/T/npm-57691-d537f862/registry.npmjs.org/minor/-/minor-1.2.3.tgz not in flight; adding
45 verbose addTmpTarball already have metadata; skipping unpack for minor@1.2.3
46 verbose correctMkdir /Users/njnesterov/.npm correctMkdir not in flight; initializing
47 silly cache afterAdd minor@1.2.3
48 verbose afterAdd /Users/njnesterov/.npm/minor/1.2.3/package/package.json not in flight; writing
49 verbose correctMkdir /Users/njnesterov/.npm correctMkdir not in flight; initializing
50 verbose afterAdd /Users/njnesterov/.npm/minor/1.2.3/package/package.json written
51 silly publish { name: 'minor',
51 silly publish   version: '1.2.3',
51 silly publish   author:
51 silly publish    { name: 'coderaiser',
51 silly publish      email: 'mnemonic.enemy@gmail.com',
51 silly publish      url: 'https://github.com/coderaiser' },
51 silly publish   description: 'Semantic versioning tool. Apply major, minor and patch to version.',
51 silly publish   homepage: 'http://github.com/coderaiser/minor',
51 silly publish   main: 'lib/minor.js',
51 silly publish   repository: { type: 'git', url: 'git://github.com/coderaiser/minor.git' },
51 silly publish   dependencies: {},
51 silly publish   license: 'MIT',
51 silly publish   devDependencies: { gulp: '~3.8.9', 'gulp-mocha': '~1.1.1', should: '~4.1.0' },
51 silly publish   gitHead: '89379cf2f028d7ec6a72cbe05056aab91aa98145',
51 silly publish   bugs: { url: 'https://github.com/coderaiser/minor/issues' },
51 silly publish   _id: 'minor@1.2.3',
51 silly publish   scripts: {},
51 silly publish   _shasum: '4822901993d8baac56bbbe32c5333217b6f9e4ef',
51 silly publish   _from: 'minor@latest',
51 silly publish   _npmVersion: '1.4.28',
51 silly publish   _npmUser: { name: 'coderaiser', email: 'mnemonic.enemy@gmail.com' },
51 silly publish   maintainers: [ { name: 'coderaiser', email: 'mnemonic.enemy@gmail.com' } ],
51 silly publish   dist:
51 silly publish    { shasum: '4822901993d8baac56bbbe32c5333217b6f9e4ef',
51 silly publish      tarball: 'https://registry.npmjs.org/minor/-/minor-1.2.3.tgz' },
51 silly publish   directories: {},
51 silly publish   _resolved: 'https://registry.npmjs.org/minor/-/minor-1.2.3.tgz' }
52 info lifecycle minor@1.2.3~prepublish: minor@1.2.3
53 silly lifecycle minor@1.2.3~prepublish: no script for prepublish, continuing
54 verbose getPublishConfig undefined
55 silly mapToRegistry name minor
56 silly mapToRegistry using default registry
57 silly mapToRegistry registry https://registry.npmjs.org/
58 silly mapToRegistry data Result {
58 silly mapToRegistry   raw: 'minor',
58 silly mapToRegistry   scope: null,
58 silly mapToRegistry   escapedName: 'minor',
58 silly mapToRegistry   name: 'minor',
58 silly mapToRegistry   rawSpec: '',
58 silly mapToRegistry   spec: 'latest',
58 silly mapToRegistry   type: 'tag' }
59 silly mapToRegistry uri https://registry.npmjs.org/minor
60 verbose publish registryBase https://registry.npmjs.org/
61 silly publish uploading /Users/njnesterov/.npm/minor/1.2.3/package.tgz
62 verbose request uri https://registry.npmjs.org/minor
63 verbose request sending authorization for write operation
64 info attempt registry request try #1 at 12:37:31 PM
65 verbose request using bearer token for auth
66 http request PUT https://registry.npmjs.org/minor
67 http 403 https://registry.npmjs.org/minor
68 verbose headers { 'content-type': 'application/json',
68 verbose headers   'cache-control': 'max-age=300',
68 verbose headers   'content-length': '99',
68 verbose headers   'accept-ranges': 'bytes',
68 verbose headers   date: 'Tue, 20 Jun 2017 09:37:32 GMT',
68 verbose headers   via: '1.1 varnish',
68 verbose headers   connection: 'keep-alive',
68 verbose headers   'x-served-by': 'cache-fra1221-FRA',
68 verbose headers   'x-cache': 'MISS',
68 verbose headers   'x-cache-hits': '0',
68 verbose headers   'x-timer': 'S1497951452.684306,VS0,VE908',
68 verbose headers   vary: 'Accept-Encoding' }
69 verbose request invalidating /Users/njnesterov/.npm/registry.npmjs.org/minor on PUT
70 error publish Failed PUT 403
71 verbose stack Error: you do not have permission to publish "minor". Are you logged in as the correct user? : minor
71 verbose stack     at makeError (/usr/local/lib/node_modules/npm/node_modules/npm-registry-client/lib/request.js:302:12)
71 verbose stack     at CachingRegistryClient.<anonymous> (/usr/local/lib/node_modules/npm/node_modules/npm-registry-client/lib/request.js:290:14)
71 verbose stack     at Request._callback (/usr/local/lib/node_modules/npm/node_modules/npm-registry-client/lib/request.js:210:14)
71 verbose stack     at Request.self.callback (/usr/local/lib/node_modules/npm/node_modules/request/request.js:187:22)
71 verbose stack     at emitTwo (events.js:106:13)
71 verbose stack     at Request.emit (events.js:191:7)
71 verbose stack     at Request.<anonymous> (/usr/local/lib/node_modules/npm/node_modules/request/request.js:1048:10)
71 verbose stack     at emitOne (events.js:96:13)
71 verbose stack     at Request.emit (events.js:188:7)
71 verbose stack     at IncomingMessage.<anonymous> (/usr/local/lib/node_modules/npm/node_modules/request/request.js:969:12)
72 verbose statusCode 403
73 verbose pkgid minor
74 verbose cwd /Users/njnesterov/dev/github/openSource/projects/rc-inputs
75 error Darwin 16.5.0
76 error argv "/usr/local/bin/node" "/usr/local/bin/npm" "publish" "minor"
77 error node v7.2.1
78 error npm  v3.10.10
79 error code E403
80 error you do not have permission to publish "minor". Are you logged in as the correct user? : minor
81 error If you need help, you may report this error at:
81 error     <https://github.com/npm/npm/issues>
82 verbose exit [ 1, true ]
